<?xml version="1.0" encoding="UTF-8"?>
<!-- Generated by org.testng.reporters.JUnitXMLReporter -->
<testsuite hostname="asda0029" ignored="0" name="Default test" tests="7" failures="0" timestamp="29 Jun 2018 10:28:39 GMT" time="36.345" errors="0">
  <testcase name="testLoginCorrectCredentials" time="8.04" classname="Linkup.TestCases"/>
  <testcase name="testLoginWorngPswrd_WrongUsrname" time="0.676" classname="Linkup.TestCases"/>
  <testcase name="testLoginBlankPswrd_BlankUsrname" time="0.763" classname="Linkup.TestCases"/>
  <testcase name="testLoginWrongPswrd_CorrectUsrname" time="1.031" classname="Linkup.TestCases"/>
  <testcase name="testLoginCorrectPswrd_WrongUsrname" time="0.636" classname="Linkup.TestCases"/>
  <testcase name="testLoginBlankPswrd_CorrectUsrname" time="0.829" classname="Linkup.TestCases"/>
  <testcase name="testLoginCorrectPswrd_BlankUsrname" time="0.728" classname="Linkup.TestCases"/>
</testsuite> <!-- Default test -->
